<?xml version="1.0" encoding="UTF-8"?>
<!-- Generated by org.testng.reporters.JUnitXMLReporter -->
<testsuite ignored="0" hostname="Rama" failures="2" tests="2" name="Test" time="65.345" errors="0" timestamp="2021-09-13T13:14:09 IST">
  <testcase classname="com.web.GenStoreUsingLandPage" name="scen1" time="65.262">
    <failure type="org.openqa.selenium.StaleElementReferenceException" message="The element &amp;apos;By.id: com.androidsample.generalstore:id/productName&amp;apos; does not exist in DOM anymore (WARNING: The server did not provide any stacktrace information)
Command duration or timeout: 830 milliseconds
For documentation on this error, please visit: http://seleniumhq.org/exceptions/stale_element_reference.html
Build info: version: &amp;apos;2.53.1&amp;apos;, revision: &amp;apos;a36b8b1cd5757287168e54b817830adce9b0158d&amp;apos;, time: &amp;apos;2016-06-30 19:26:09&amp;apos;
System info: host: &amp;apos;Rama&amp;apos;, ip: &amp;apos;192.168.65.1&amp;apos;, os.name: &amp;apos;Windows 10&amp;apos;, os.arch: &amp;apos;amd64&amp;apos;, os.version: &amp;apos;10.0&amp;apos;, java.version: &amp;apos;15.0.2&amp;apos;
Driver info: io.appium.java_client.android.AndroidDriver
Capabilities [{appPackage=com.androidsample.generalstore, statBarHeight=64, viewportRect={top=64, left=0, width=720, height=1372}, deviceName=IFMRAE4HIJHYR4G6, UDID=IFMRAE4HIJHYR4G6, platform=LINUX, deviceUDID=IFMRAE4HIJHYR4G6, desired={app=C:\Users\Rama\Downloads\General-Store.apk, platformVersion=8.1.0, automationName=appium, platformName=Android, deviceName=vivo 1820, UDID=IFMRAE4HIJHYR4G6}, platformVersion=8.1.0, webStorageEnabled=false, automationName=appium, takesScreenshot=true, javascriptEnabled=true, platformName=Android, deviceApiLevel=27, deviceManufacturer=vivo, app=C:\Users\Rama\Downloads\General-Store.apk, deviceScreenSize=720x1520, networkConnectionEnabled=true, warnings={}, databaseEnabled=false, pixelRatio=2, locationContextEnabled=false, deviceScreenDensity=320, deviceModel=vivo 1820}]
Session ID: 20759921-fc1d-48a4-b98a-082e629dbf3a">
      <![CDATA[org.openqa.selenium.StaleElementReferenceException: The element 'By.id: com.androidsample.generalstore:id/productName' does not exist in DOM anymore (WARNING: The server did not provide any stacktrace information)
Command duration or timeout: 830 milliseconds
For documentation on this error, please visit: http://seleniumhq.org/exceptions/stale_element_reference.html
Build info: version: '2.53.1', revision: 'a36b8b1cd5757287168e54b817830adce9b0158d', time: '2016-06-30 19:26:09'
System info: host: 'Rama', ip: '192.168.65.1', os.name: 'Windows 10', os.arch: 'amd64', os.version: '10.0', java.version: '15.0.2'
Driver info: io.appium.java_client.android.AndroidDriver
Capabilities [{appPackage=com.androidsample.generalstore, statBarHeight=64, viewportRect={top=64, left=0, width=720, height=1372}, deviceName=IFMRAE4HIJHYR4G6, UDID=IFMRAE4HIJHYR4G6, platform=LINUX, deviceUDID=IFMRAE4HIJHYR4G6, desired={app=C:\Users\Rama\Downloads\General-Store.apk, platformVersion=8.1.0, automationName=appium, platformName=Android, deviceName=vivo 1820, UDID=IFMRAE4HIJHYR4G6}, platformVersion=8.1.0, webStorageEnabled=false, automationName=appium, takesScreenshot=true, javascriptEnabled=true, platformName=Android, deviceApiLevel=27, deviceManufacturer=vivo, app=C:\Users\Rama\Downloads\General-Store.apk, deviceScreenSize=720x1520, networkConnectionEnabled=true, warnings={}, databaseEnabled=false, pixelRatio=2, locationContextEnabled=false, deviceScreenDensity=320, deviceModel=vivo 1820}]
Session ID: 20759921-fc1d-48a4-b98a-082e629dbf3a
at org.openqa.selenium.remote.ErrorHandler.createThrowable(ErrorHandler.java:206)
at org.openqa.selenium.remote.ErrorHandler.throwIfResponseFailed(ErrorHandler.java:158)
at org.openqa.selenium.remote.RemoteWebDriver.execute(RemoteWebDriver.java:678)
at io.appium.java_client.DefaultGenericMobileDriver.execute(DefaultGenericMobileDriver.java:40)
at io.appium.java_client.AppiumDriver.execute(AppiumDriver.java:1)
at io.appium.java_client.android.AndroidDriver.execute(AndroidDriver.java:1)
at org.openqa.selenium.remote.RemoteWebElement.execute(RemoteWebElement.java:327)
at io.appium.java_client.DefaultGenericMobileElement.execute(DefaultGenericMobileElement.java:33)
at io.appium.java_client.MobileElement.execute(MobileElement.java:1)
at io.appium.java_client.android.AndroidElement.execute(AndroidElement.java:1)
at org.openqa.selenium.remote.RemoteWebElement.getText(RemoteWebElement.java:179)
at com.web.GenStoreUsingLandPage.scen1(GenStoreUsingLandPage.java:42)
at java.base/java.util.ArrayList.forEach(ArrayList.java:1511)
... Removed 32 stack frames]]>
    </failure>
  </testcase> <!-- scen1 -->
  <testcase classname="com.web.GenStoreUsingLandPage" name="scen1" time="65.302">
    <failure type="java.lang.NullPointerException" message="Cannot invoke &amp;quot;org.openqa.selenium.TakesScreenshot.getScreenshotAs(org.openqa.selenium.OutputType)&amp;quot; because &amp;quot;com.web.TakesScreenshot1.staticdriver&amp;quot; is null">
      <![CDATA[java.lang.NullPointerException: Cannot invoke "org.openqa.selenium.TakesScreenshot.getScreenshotAs(org.openqa.selenium.OutputType)" because "com.web.TakesScreenshot1.staticdriver" is null
at com.web.TakesScreenshot1.getscreenshot(TakesScreenshot1.java:53)
at com.web.Listeners.onTestFailure(Listeners.java:17)
at java.base/java.util.ArrayList.forEach(ArrayList.java:1511)
... Removed 24 stack frames]]>
    </failure>
  </testcase> <!-- scen1 -->
</testsuite> <!-- Test -->
